<?xml version="1.0" encoding="UTF-8"?>
<!-- Generated by org.testng.reporters.JUnitReportReporter -->
<testsuite hostname="HPab214tx" name="test.HomeFeature" tests="5" failures="0" timestamp="21 May 2019 18:17:52 GMT" time="334.601" errors="0">
  <testcase name="testPricingButton" time="145.815" classname="test.HomeFeature"/>
  <testcase name="testUiForWpfButton" time="23.556" classname="test.HomeFeature"/>
  <testcase name="testKendoUiButton" time="29.837" classname="test.HomeFeature"/>
  <testcase name="testhomepagevisibilty" time="13.915" classname="test.HomeFeature"/>
  <testcase name="testDemoButton" time="121.478" classname="test.HomeFeature"/>
</testsuite> <!-- test.HomeFeature -->
