<?xml version="1.0" encoding="UTF-8"?>
<!-- Generated by org.testng.reporters.JUnitReportReporter -->
<testsuite hostname="HPab214tx" name="test.DocsAndSupportFeature" tests="1" failures="0" timestamp="22 May 2019 21:24:55 GMT" time="48.317" errors="0">
  <testcase name="testDocsAndSupportButton" time="48.317" classname="test.DocsAndSupportFeature"/>
</testsuite> <!-- test.DocsAndSupportFeature -->
