<?xml version="1.0" encoding="UTF-8"?>
<!-- Generated by org.testng.reporters.JUnitReportReporter -->
<testsuite hostname="HPab214tx" name="test.ContactFeature" tests="1" failures="0" timestamp="22 May 2019 18:53:19 GMT" time="54.541" errors="0">
  <testcase name="testBlankContactDataInput" time="54.541" classname="test.ContactFeature"/>
</testsuite> <!-- test.ContactFeature -->
