<?xml version="1.0" encoding="UTF-8"?>
<!-- Generated by org.testng.reporters.JUnitReportReporter -->
<testsuite hostname="HPab214tx" name="test.ContactFeature" tests="1" failures="0" timestamp="21 May 2019 20:58:44 GMT" time="37.002" errors="0">
  <testcase name="testContactDataInput" time="37.002" classname="test.ContactFeature"/>
</testsuite> <!-- test.ContactFeature -->
