<?xml version="1.0" encoding="UTF-8"?>
<!-- Generated by org.testng.reporters.JUnitReportReporter -->
<testsuite hostname="HPab214tx" name="test.SearchFeature" tests="1" failures="0" timestamp="21 May 2019 19:19:25 GMT" time="32.727" errors="0">
  <testcase name="testloginsuccess" time="32.727" classname="test.SearchFeature"/>
</testsuite> <!-- test.SearchFeature -->
